c:\users\kenneth\source\repos\KenDotNetWithAng6\KenDotNetWithAng6\KenApp\dist\out-tsc\src\app\app-routing.module.js
c:\users\kenneth\source\repos\KenDotNetWithAng6\KenDotNetWithAng6\KenApp\dist\out-tsc\src\app\app-routing.module.js.map
c:\users\kenneth\source\repos\KenDotNetWithAng6\KenDotNetWithAng6\KenApp\dist\out-tsc\src\app\app.component.js
c:\users\kenneth\source\repos\KenDotNetWithAng6\KenDotNetWithAng6\KenApp\dist\out-tsc\src\app\app.component.js.map
c:\users\kenneth\source\repos\KenDotNetWithAng6\KenDotNetWithAng6\KenApp\dist\out-tsc\src\app\app.module.js
c:\users\kenneth\source\repos\KenDotNetWithAng6\KenDotNetWithAng6\KenApp\dist\out-tsc\src\app\app.module.js.map
c:\users\kenneth\source\repos\KenDotNetWithAng6\KenDotNetWithAng6\KenApp\dist\out-tsc\src\environments\environment.js
c:\users\kenneth\source\repos\KenDotNetWithAng6\KenDotNetWithAng6\KenApp\dist\out-tsc\src\environments\environment.js.map
c:\users\kenneth\source\repos\KenDotNetWithAng6\KenDotNetWithAng6\KenApp\dist\out-tsc\src\main.js
c:\users\kenneth\source\repos\KenDotNetWithAng6\KenDotNetWithAng6\KenApp\dist\out-tsc\src\main.js.map
c:\users\kenneth\source\repos\KenDotNetWithAng6\KenDotNetWithAng6\KenApp\dist\out-tsc\src\polyfills.js
c:\users\kenneth\source\repos\KenDotNetWithAng6\KenDotNetWithAng6\KenApp\dist\out-tsc\src\polyfills.js.map
c:\users\kenneth\source\repos\KenDotNetWithAng6\KenDotNetWithAng6\KenApp\dist\out-tsc\src\test.js
c:\users\kenneth\source\repos\KenDotNetWithAng6\KenDotNetWithAng6\KenApp\dist\out-tsc\src\test.js.map
c:\users\kenneth\source\repos\KenDotNetWithAng6\KenDotNetWithAng6\KenApp\dist\out-tsc\e2e\src\app.po.js
c:\users\kenneth\source\repos\KenDotNetWithAng6\KenDotNetWithAng6\KenApp\dist\out-tsc\e2e\src\app.po.js.map
c:\users\kenneth\source\repos\KenDotNetWithAng6\KenDotNetWithAng6\KenApp\dist\out-tsc\e2e\src\app.e2e-spec.js
c:\users\kenneth\source\repos\KenDotNetWithAng6\KenDotNetWithAng6\KenApp\dist\out-tsc\e2e\src\app.e2e-spec.js.map
c:\users\kenneth\source\repos\KenDotNetWithAng6\KenDotNetWithAng6\KenApp\dist\out-tsc\src\app\app.component.spec.js
c:\users\kenneth\source\repos\KenDotNetWithAng6\KenDotNetWithAng6\KenApp\dist\out-tsc\src\app\app.component.spec.js.map
c:\users\kenneth\source\repos\KenDotNetWithAng6\KenDotNetWithAng6\KenApp\dist\out-tsc\src\environments\environment.prod.js
c:\users\kenneth\source\repos\KenDotNetWithAng6\KenDotNetWithAng6\KenApp\dist\out-tsc\src\environments\environment.prod.js.map
